
:::: 2019-11-13 16:56:35 :::: log ==> insert sales order in to SAI system 
date ==> 2019/11/13 12:29:16
procesados correctamente: 
	"sin cargas"
procesados erroneamente: 
	"sin errores"
:::: 2019-11-13 16:56:55 :::: log ==> insert sales order in to SAI system 
date ==> 2019/11/13 12:33:56
procesados correctamente: 
	"sin cargas"
procesados erroneamente: 
	"sin errores"
:::: 2019-11-13 18:12:01 :::: log ==> insert sales order in to SAI system 
date ==> 2019/11/13 12:33:56
procesados correctamente: 
	"sin cargas"
procesados erroneamente: 
	"sin errores"
:::: 2019-11-13 19:12:01 :::: log ==> insert sales order in to SAI system 
date ==> 2019/11/13 12:33:56
procesados correctamente: 
	"sin cargas"
procesados erroneamente: 
	"sin errores"
:::: 2019-11-14 13:06:01 :::: log ==> insert sales order in to SAI system 
date ==> 2019/11/13 12:33:56
procesados correctamente: 
	"sin cargas"
procesados erroneamente: 
	"sin errores"
:::: 2019-11-14 15:42:01 :::: log ==> insert sales order in to SAI system 
date ==> 2019/11/13 12:33:56
procesados correctamente: 
	"sin cargas"
procesados erroneamente: 
	"sin errores"
:::: 2019-11-14 16:19:10 :::: log ==> insert sales order in to SAI system 
date ==> 2019/11/14 11:56:10
procesados correctamente: 
	"sin cargas"
procesados erroneamente: 
	"sin errores"
:::: 2019-11-14 18:12:01 :::: log ==> insert sales order in to SAI system 
date ==> 2019/11/14 11:56:10
procesados correctamente: 
	"sin cargas"
procesados erroneamente: 
	"sin errores"
:::: 2019-11-14 19:12:01 :::: log ==> insert sales order in to SAI system 
date ==> 2019/11/14 11:56:10
procesados correctamente: 
	"sin cargas"
procesados erroneamente: 
	"sin errores"
:::: 2019-11-15 13:06:01 :::: log ==> insert sales order in to SAI system 
date ==> 2019/11/14 11:56:10
procesados correctamente: 
	"sin cargas"
procesados erroneamente: 
	"sin errores"
:::: 2019-11-15 15:42:01 :::: log ==> insert sales order in to SAI system 
date ==> 2019/11/14 11:56:10
procesados correctamente: 
	"sin cargas"
procesados erroneamente: 
	"sin errores"
:::: 2019-11-15 18:12:01 :::: log ==> insert sales order in to SAI system 
date ==> 2019/11/14 11:56:10
procesados correctamente: 
	"sin cargas"
procesados erroneamente: 
	"sin errores"
:::: 2019-11-15 18:44:09 :::: log ==> insert sales order in to SAI system 
date ==> 2019/11/15 14:21:09
procesados correctamente: 
	"sin cargas"
procesados erroneamente: 
	"sin errores"
:::: 2019-11-15 19:12:02 :::: log ==> insert sales order in to SAI system 
date ==> 2019/11/15 14:21:09
procesados correctamente: 
	"sin cargas"
procesados erroneamente: 
	"sin errores"
:::: 2019-11-16 13:06:01 :::: log ==> insert sales order in to SAI system 
date ==> 2019/11/15 14:21:09
procesados correctamente: 
	"sin cargas"
procesados erroneamente: 
	"sin errores"
:::: 2019-11-16 15:42:01 :::: log ==> insert sales order in to SAI system 
date ==> 2019/11/15 14:21:09
procesados correctamente: 
	"sin cargas"
procesados erroneamente: 
	"sin errores"
:::: 2019-11-16 18:12:01 :::: log ==> insert sales order in to SAI system 
date ==> 2019/11/15 14:21:09
procesados correctamente: 
	"sin cargas"
procesados erroneamente: 
	"sin errores"
:::: 2019-11-16 19:12:01 :::: log ==> insert sales order in to SAI system 
date ==> 2019/11/15 14:21:09
procesados correctamente: 
	"sin cargas"
procesados erroneamente: 
	"sin errores"
:::: 2019-11-17 13:06:01 :::: log ==> insert sales order in to SAI system 
date ==> 2019/11/15 14:21:09
procesados correctamente: 
	"sin cargas"
procesados erroneamente: 
	"sin errores"
:::: 2019-11-17 15:42:02 :::: log ==> insert sales order in to SAI system 
date ==> 2019/11/15 14:21:09
procesados correctamente: 
	"sin cargas"
procesados erroneamente: 
	"sin errores"
:::: 2019-11-17 18:12:01 :::: log ==> insert sales order in to SAI system 
date ==> 2019/11/15 14:21:09
procesados correctamente: 
	"sin cargas"
procesados erroneamente: 
	"sin errores"
:::: 2019-11-17 19:12:01 :::: log ==> insert sales order in to SAI system 
date ==> 2019/11/15 14:21:09
procesados correctamente: 
	"sin cargas"
procesados erroneamente: 
	"sin errores"
:::: 2019-11-18 13:06:01 :::: log ==> insert sales order in to SAI system 
date ==> 2019/11/15 14:21:09
procesados correctamente: 
	"sin cargas"
procesados erroneamente: 
	"sin errores"
:::: 2019-11-18 15:42:02 :::: log ==> insert sales order in to SAI system 
date ==> 2019/11/15 14:21:09
procesados correctamente: 
	"sin cargas"
procesados erroneamente: 
	"sin errores"
:::: 2019-11-18 18:12:01 :::: log ==> insert sales order in to SAI system 
date ==> 2019/11/15 14:21:09
procesados correctamente: 
	"sin cargas"
procesados erroneamente: 
	"sin errores"
:::: 2019-11-18 19:12:01 :::: log ==> insert sales order in to SAI system 
date ==> 2019/11/15 14:21:09
procesados correctamente: 
	"sin cargas"
procesados erroneamente: 
	"sin errores"
:::: 2019-11-19 13:06:02 :::: log ==> insert sales order in to SAI system 
date ==> 2019/11/15 14:21:09
procesados correctamente: 
	"sin cargas"
procesados erroneamente: 
	"sin errores"
:::: 2019-11-19 15:05:38 :::: log ==> insert sales order in to SAI system 
date ==> 2019/11/19 10:42:38
procesados correctamente: 
	"100001060
procesados erroneamente: 
	"sin errores"
:::: 2019-11-19 15:42:01 :::: log ==> insert sales order in to SAI system 
date ==> 2019/11/19 10:42:38
procesados correctamente: 
	"100001060
procesados erroneamente: 
	"sin errores"
:::: 2019-11-19 16:32:38 :::: log ==> insert sales order in to SAI system 
date ==> 2019/11/19 12:09:38
procesados correctamente: 
	"sin cargas"
procesados erroneamente: 
	"sin errores"
:::: 2019-11-19 18:12:01 :::: log ==> insert sales order in to SAI system 
date ==> 2019/11/19 12:09:38
procesados correctamente: 
	"sin cargas"
procesados erroneamente: 
	"sin errores"
:::: 2019-11-19 19:12:01 :::: log ==> insert sales order in to SAI system 
date ==> 2019/11/19 12:09:38
procesados correctamente: 
	"sin cargas"
procesados erroneamente: 
	"sin errores"
:::: 2019-11-20 13:06:01 :::: log ==> insert sales order in to SAI system 
date ==> 2019/11/19 12:09:38
procesados correctamente: 
	"sin cargas"
procesados erroneamente: 
	"sin errores"
:::: 2019-11-20 15:42:02 :::: log ==> insert sales order in to SAI system 
date ==> 2019/11/19 12:09:38
procesados correctamente: 
	"sin cargas"
procesados erroneamente: 
	"sin errores"
:::: 2019-11-20 16:33:12 :::: log ==> insert sales order in to SAI system 
date ==> 2019/11/20 12:10:12
procesados correctamente: 
	"sin cargas"
procesados erroneamente: 
	"sin errores"
:::: 2019-11-20 18:12:02 :::: log ==> insert sales order in to SAI system 
date ==> 2019/11/20 12:10:12
procesados correctamente: 
	"sin cargas"
procesados erroneamente: 
	"sin errores"
:::: 2019-11-20 18:54:28 :::: log ==> insert sales order in to SAI system 
date ==> 2019/11/20 14:31:28
procesados correctamente: 
	"sin cargas"
procesados erroneamente: 
	"sin errores"
:::: 2019-11-20 19:12:01 :::: log ==> insert sales order in to SAI system 
date ==> 2019/11/20 14:31:28
procesados correctamente: 
	"sin cargas"
procesados erroneamente: 
	"sin errores"
:::: 2019-11-20 19:12:29 :::: log ==> insert sales order in to SAI system 
date ==> 2019/11/20 14:49:29
procesados correctamente: 
	"100000636
procesados erroneamente: 
	"sin errores"
:::: 2019-11-21 13:06:01 :::: log ==> insert sales order in to SAI system 
date ==> 2019/11/20 14:49:29
procesados correctamente: 
	"100000636
procesados erroneamente: 
	"sin errores"
:::: 2019-11-21 15:42:02 :::: log ==> insert sales order in to SAI system 
date ==> 2019/11/20 14:49:29
procesados correctamente: 
	"100000636
procesados erroneamente: 
	"sin errores"
:::: 2019-11-21 16:11:35 :::: log ==> insert sales order in to SAI system 
date ==> 2019/11/21 11:48:35
procesados correctamente: 
	"100001061
procesados erroneamente: 
	"sin errores"
:::: 2019-11-21 18:12:01 :::: log ==> insert sales order in to SAI system 
date ==> 2019/11/21 11:48:35
procesados correctamente: 
	"100001061
procesados erroneamente: 
	"sin errores"
:::: 2019-11-21 19:12:02 :::: log ==> insert sales order in to SAI system 
date ==> 2019/11/21 11:48:35
procesados correctamente: 
	"100001061
procesados erroneamente: 
	"sin errores"
:::: 2019-11-22 13:06:01 :::: log ==> insert sales order in to SAI system 
date ==> 2019/11/21 11:48:35
procesados correctamente: 
	"100001061
procesados erroneamente: 
	"sin errores"
:::: 2019-11-22 15:42:02 :::: log ==> insert sales order in to SAI system 
date ==> 2019/11/21 11:48:35
procesados correctamente: 
	"100001061
procesados erroneamente: 
	"sin errores"
:::: 2019-11-22 16:00:24 :::: log ==> insert sales order in to SAI system 
date ==> 2019/11/22 11:37:25
procesados correctamente: 
	"sin cargas"
procesados erroneamente: 
	"sin errores"