
:::: 2019-11-13 12:38:33 :::: Array
(
    [mkd] => mt6dmbehkihfll5jbcp8pmn890
)

:::: 2019-11-13 12:38:33 :::: SELECT * from code_vendor_regs 
				where 
					session_id like 'mt6dmbehkihfll5jbcp8pmn890' 
					and status != 'canceled'
					order by gvo_id DESC limit 0,1
:::: 2019-11-13 18:07:58 :::: Array
(
    [mkd] => 8bpl7v36tndtdl7of2tnqtnp25
)

:::: 2019-11-13 18:07:58 :::: SELECT * from code_vendor_regs 
				where 
					session_id like '8bpl7v36tndtdl7of2tnqtnp25' 
					and status != 'canceled'
					order by gvo_id DESC limit 0,1
:::: 2019-11-13 18:16:43 :::: Array
(
    [mkd] => cmt3udn64f7vl3j5elm24b4p50
)

:::: 2019-11-13 18:16:43 :::: SELECT * from code_vendor_regs 
				where 
					session_id like 'cmt3udn64f7vl3j5elm24b4p50' 
					and status != 'canceled'
					order by gvo_id DESC limit 0,1
:::: 2019-11-13 23:27:39 :::: Array
(
    [mkd] => m06eed58h7aqomohgpf96fe8t4
)

:::: 2019-11-13 23:27:39 :::: SELECT * from code_vendor_regs 
				where 
					session_id like 'm06eed58h7aqomohgpf96fe8t4' 
					and status != 'canceled'
					order by gvo_id DESC limit 0,1
:::: 2019-11-14 3:00:54 :::: Array
(
    [mkd] => p7dl3qljksf7su4v9fm6gbtq16
)

:::: 2019-11-14 3:00:54 :::: SELECT * from code_vendor_regs 
				where 
					session_id like 'p7dl3qljksf7su4v9fm6gbtq16' 
					and status != 'canceled'
					order by gvo_id DESC limit 0,1
:::: 2019-11-14 3:05:38 :::: Array
(
    [mkd] => p7dl3qljksf7su4v9fm6gbtq16
)

:::: 2019-11-14 3:05:38 :::: SELECT * from code_vendor_regs 
				where 
					session_id like 'p7dl3qljksf7su4v9fm6gbtq16' 
					and status != 'canceled'
					order by gvo_id DESC limit 0,1
:::: 2019-11-15 14:36:19 :::: Array
(
    [mkd] => nk4clikc67cegkf2gnmb70j0r4
)

:::: 2019-11-15 14:36:19 :::: SELECT * from code_vendor_regs 
				where 
					session_id like 'nk4clikc67cegkf2gnmb70j0r4' 
					and status != 'canceled'
					order by gvo_id DESC limit 0,1
:::: 2019-11-15 14:36:51 :::: Array
(
    [mkd] => nk4clikc67cegkf2gnmb70j0r4
)

:::: 2019-11-15 14:36:51 :::: SELECT * from code_vendor_regs 
				where 
					session_id like 'nk4clikc67cegkf2gnmb70j0r4' 
					and status != 'canceled'
					order by gvo_id DESC limit 0,1
:::: 2019-11-15 14:38:10 :::: Array
(
    [mkd] => nk4clikc67cegkf2gnmb70j0r4
)

:::: 2019-11-15 14:38:10 :::: SELECT * from code_vendor_regs 
				where 
					session_id like 'nk4clikc67cegkf2gnmb70j0r4' 
					and status != 'canceled'
					order by gvo_id DESC limit 0,1
:::: 2019-11-15 14:40:14 :::: Array
(
    [mkd] => nk4clikc67cegkf2gnmb70j0r4
)

:::: 2019-11-15 14:40:14 :::: SELECT * from code_vendor_regs 
				where 
					session_id like 'nk4clikc67cegkf2gnmb70j0r4' 
					and status != 'canceled'
					order by gvo_id DESC limit 0,1
:::: 2019-11-15 15:12:50 :::: Array
(
    [mkd] => nk4clikc67cegkf2gnmb70j0r4
)

:::: 2019-11-15 15:12:50 :::: SELECT * from code_vendor_regs 
				where 
					session_id like 'nk4clikc67cegkf2gnmb70j0r4' 
					and status != 'canceled'
					order by gvo_id DESC limit 0,1
:::: 2019-11-15 17:45:35 :::: Array
(
    [mkd] => 6bnnomirmpcfmpipkrcto971a3
)

:::: 2019-11-15 17:45:35 :::: SELECT * from code_vendor_regs 
				where 
					session_id like '6bnnomirmpcfmpipkrcto971a3' 
					and status != 'canceled'
					order by gvo_id DESC limit 0,1
:::: 2019-11-15 17:46:13 :::: Array
(
    [system] => code_vendor_save
    [quote_id] => 665
    [store_id] => 1
    [created_at] => 2019-11-15 23:08:25
    [updated_at] => 2019-11-15 23:45:28
    [items_count] => 1
    [items_qty] => 1
    [grand_total] => 283.97
    [customer_id] => 855
    [customer_email] => ricardogallardorivera@gmail.com
    [customer_firstname] => RICARDO ALBERTO
    [customer_lastname] => GALLARDO RIVERA
    [remote_ip] => 127.0.0.1
    [subtotal] => 244.8
    [customer_openpay_user_id] => 
    [code_vendor] => 10247859
    [mkd] => 6bnnomirmpcfmpipkrcto971a3
)

:::: 2019-11-15 17:46:13 :::: valid_data()
:::: 2019-11-15 17:46:13 :::: update_code_vendor()
:::: 2019-11-15 17:46:13 :::: exist_code_vendor()
:::: 2019-11-15 17:46:13 :::: exist_code_vendor() ==> Array
(
    [system] => code_vendor_save
    [quote_id] => 665
    [sales_order] => 
    [updated_at] => 2019-11-15 23:45:28
    [customer_id] => 855
    [customer_email] => ricardogallardorivera@gmail.com
    [code_vendor] => 10247859
    [remote_ip] => 127.0.0.1
    [items_count] => 1
    [items_qty] => 1
    [subtotal] => 244.8
    [grand_total] => 283.97
    [customer_firstname] => RICARDO ALBERTO
    [customer_lastname] => GALLARDO RIVERA
    [customer_openpay] => 
    [mkd] => 6bnnomirmpcfmpipkrcto971a3
)

:::: 2019-11-15 17:46:13 :::: SQL ==> SELECT * from code_vendor_regs where 
				session_id =  '6bnnomirmpcfmpipkrcto971a3' 
				and status <> 'canceled'
				order by gvo_id DESC limit 0,1
:::: 2019-11-15 17:46:13 :::: insert_code_vendor()
:::: 2019-11-15 17:46:13 :::: insert_code_vendor() ==> Array
(
    [system] => code_vendor_save
    [quote_id] => 665
    [sales_order] => 
    [updated_at] => 2019-11-15 23:45:28
    [customer_id] => 855
    [customer_email] => ricardogallardorivera@gmail.com
    [code_vendor] => 10247859
    [remote_ip] => 127.0.0.1
    [items_count] => 1
    [items_qty] => 1
    [subtotal] => 244.8
    [grand_total] => 283.97
    [customer_firstname] => RICARDO ALBERTO
    [customer_lastname] => GALLARDO RIVERA
    [customer_openpay] => 
    [mkd] => 6bnnomirmpcfmpipkrcto971a3
)

:::: 2019-11-15 17:46:13 :::: sql ==> INSERT INTO code_vendor_regs values(
				null,
				665,
				'',
				'2019-11-15 23:45:28',
				855,
				'ricardogallardorivera@gmail.com',
				'10247859',
				'127.0.0.1',
				1,
				1,
				244.8,
				283.97,
				'RICARDO ALBERTO',
				'GALLARDO RIVERA',
				'',
				'inicial',
				'6bnnomirmpcfmpipkrcto971a3'
			)
:::: 2019-11-15 17:46:13 :::: code_vendor_action()
:::: 2019-11-15 17:49:04 :::: Array
(
    [mkd] => 6bnnomirmpcfmpipkrcto971a3
)

:::: 2019-11-15 17:49:04 :::: SELECT * from code_vendor_regs 
				where 
					session_id like '6bnnomirmpcfmpipkrcto971a3' 
					and status != 'canceled'
					order by gvo_id DESC limit 0,1
:::: 2019-11-16 12:24:06 :::: Array
(
    [mkd] => c1nbu3keqi68im2a2fake46j72
)

:::: 2019-11-16 12:24:06 :::: SELECT * from code_vendor_regs 
				where 
					session_id like 'c1nbu3keqi68im2a2fake46j72' 
					and status != 'canceled'
					order by gvo_id DESC limit 0,1
:::: 2019-11-17 10:02:00 :::: Array
(
    [mkd] => oo8uocvohj8j6j3bo6qcp6a195
)

:::: 2019-11-17 10:02:00 :::: SELECT * from code_vendor_regs 
				where 
					session_id like 'oo8uocvohj8j6j3bo6qcp6a195' 
					and status != 'canceled'
					order by gvo_id DESC limit 0,1
:::: 2019-11-17 13:03:46 :::: Array
(
    [mkd] => h8jea3ok8gntk2lsvtd590c7l3
)

:::: 2019-11-17 13:03:46 :::: SELECT * from code_vendor_regs 
				where 
					session_id like 'h8jea3ok8gntk2lsvtd590c7l3' 
					and status != 'canceled'
					order by gvo_id DESC limit 0,1
:::: 2019-11-17 13:04:00 :::: Array
(
    [mkd] => h8jea3ok8gntk2lsvtd590c7l3
)

:::: 2019-11-17 13:04:00 :::: SELECT * from code_vendor_regs 
				where 
					session_id like 'h8jea3ok8gntk2lsvtd590c7l3' 
					and status != 'canceled'
					order by gvo_id DESC limit 0,1
:::: 2019-11-19 0:03:54 :::: Array
(
    [mkd] => 9k041ienrotiuv68r0v9p6bl70
)

:::: 2019-11-19 0:03:54 :::: SELECT * from code_vendor_regs 
				where 
					session_id like '9k041ienrotiuv68r0v9p6bl70' 
					and status != 'canceled'
					order by gvo_id DESC limit 0,1
:::: 2019-11-19 10:15:16 :::: Array
(
    [mkd] => lierkrnre7u471gaktvchovld0
)

:::: 2019-11-19 10:15:16 :::: SELECT * from code_vendor_regs 
				where 
					session_id like 'lierkrnre7u471gaktvchovld0' 
					and status != 'canceled'
					order by gvo_id DESC limit 0,1
:::: 2019-11-19 13:01:18 :::: Array
(
    [mkd] => aeid9vm7qi19rc563tiug8hog7
)

:::: 2019-11-19 13:01:18 :::: SELECT * from code_vendor_regs 
				where 
					session_id like 'aeid9vm7qi19rc563tiug8hog7' 
					and status != 'canceled'
					order by gvo_id DESC limit 0,1
:::: 2019-11-19 13:37:15 :::: Array
(
    [mkd] => h0rqe0r6dhqgc4sao8545g5kb1
)

:::: 2019-11-19 13:37:15 :::: SELECT * from code_vendor_regs 
				where 
					session_id like 'h0rqe0r6dhqgc4sao8545g5kb1' 
					and status != 'canceled'
					order by gvo_id DESC limit 0,1
:::: 2019-11-19 15:41:23 :::: Array
(
    [mkd] => h0rqe0r6dhqgc4sao8545g5kb1
)

:::: 2019-11-19 15:41:23 :::: SELECT * from code_vendor_regs 
				where 
					session_id like 'h0rqe0r6dhqgc4sao8545g5kb1' 
					and status != 'canceled'
					order by gvo_id DESC limit 0,1
:::: 2019-11-19 17:22:47 :::: Array
(
    [mkd] => 86srg7u8ib1tgseb3o6n10tgu4
)

:::: 2019-11-19 17:22:47 :::: SELECT * from code_vendor_regs 
				where 
					session_id like '86srg7u8ib1tgseb3o6n10tgu4' 
					and status != 'canceled'
					order by gvo_id DESC limit 0,1
:::: 2019-11-19 17:25:15 :::: Array
(
    [mkd] => 86srg7u8ib1tgseb3o6n10tgu4
)

:::: 2019-11-19 17:25:15 :::: SELECT * from code_vendor_regs 
				where 
					session_id like '86srg7u8ib1tgseb3o6n10tgu4' 
					and status != 'canceled'
					order by gvo_id DESC limit 0,1
:::: 2019-11-19 23:54:01 :::: Array
(
    [mkd] => r6qecjbqu2a321en0fj0qbsbv2
)

:::: 2019-11-19 23:54:01 :::: SELECT * from code_vendor_regs 
				where 
					session_id like 'r6qecjbqu2a321en0fj0qbsbv2' 
					and status != 'canceled'
					order by gvo_id DESC limit 0,1
:::: 2019-11-19 23:54:11 :::: Array
(
    [mkd] => r6qecjbqu2a321en0fj0qbsbv2
)

:::: 2019-11-19 23:54:11 :::: SELECT * from code_vendor_regs 
				where 
					session_id like 'r6qecjbqu2a321en0fj0qbsbv2' 
					and status != 'canceled'
					order by gvo_id DESC limit 0,1
:::: 2019-11-20 10:05:06 :::: Array
(
    [mkd] => b6piseo0m6eaoeal52q1uo05m6
)

:::: 2019-11-20 10:05:06 :::: SELECT * from code_vendor_regs 
				where 
					session_id like 'b6piseo0m6eaoeal52q1uo05m6' 
					and status != 'canceled'
					order by gvo_id DESC limit 0,1
:::: 2019-11-20 10:10:49 :::: Array
(
    [mkd] => b6piseo0m6eaoeal52q1uo05m6
)

:::: 2019-11-20 10:10:49 :::: SELECT * from code_vendor_regs 
				where 
					session_id like 'b6piseo0m6eaoeal52q1uo05m6' 
					and status != 'canceled'
					order by gvo_id DESC limit 0,1
:::: 2019-11-20 10:11:10 :::: Array
(
    [mkd] => b6piseo0m6eaoeal52q1uo05m6
)

:::: 2019-11-20 10:11:10 :::: SELECT * from code_vendor_regs 
				where 
					session_id like 'b6piseo0m6eaoeal52q1uo05m6' 
					and status != 'canceled'
					order by gvo_id DESC limit 0,1
:::: 2019-11-20 10:11:57 :::: Array
(
    [mkd] => b6piseo0m6eaoeal52q1uo05m6
)

:::: 2019-11-20 10:11:57 :::: SELECT * from code_vendor_regs 
				where 
					session_id like 'b6piseo0m6eaoeal52q1uo05m6' 
					and status != 'canceled'
					order by gvo_id DESC limit 0,1
:::: 2019-11-20 11:49:24 :::: Array
(
    [mkd] => 1b3t8v5m40uprg73kp19j4jac4
)

:::: 2019-11-20 11:49:24 :::: SELECT * from code_vendor_regs 
				where 
					session_id like '1b3t8v5m40uprg73kp19j4jac4' 
					and status != 'canceled'
					order by gvo_id DESC limit 0,1
:::: 2019-11-20 15:39:13 :::: Array
(
    [mkd] => u08ugna1p7rkle17o8sffbfde4
)

:::: 2019-11-20 15:39:13 :::: SELECT * from code_vendor_regs 
				where 
					session_id like 'u08ugna1p7rkle17o8sffbfde4' 
					and status != 'canceled'
					order by gvo_id DESC limit 0,1
:::: 2019-11-20 15:42:47 :::: Array
(
    [mkd] => u08ugna1p7rkle17o8sffbfde4
)

:::: 2019-11-20 15:42:47 :::: SELECT * from code_vendor_regs 
				where 
					session_id like 'u08ugna1p7rkle17o8sffbfde4' 
					and status != 'canceled'
					order by gvo_id DESC limit 0,1
:::: 2019-11-20 15:44:19 :::: Array
(
    [mkd] => u08ugna1p7rkle17o8sffbfde4
)

:::: 2019-11-20 15:44:19 :::: SELECT * from code_vendor_regs 
				where 
					session_id like 'u08ugna1p7rkle17o8sffbfde4' 
					and status != 'canceled'
					order by gvo_id DESC limit 0,1
:::: 2019-11-20 15:45:54 :::: Array
(
    [mkd] => u08ugna1p7rkle17o8sffbfde4
)

:::: 2019-11-20 15:45:54 :::: SELECT * from code_vendor_regs 
				where 
					session_id like 'u08ugna1p7rkle17o8sffbfde4' 
					and status != 'canceled'
					order by gvo_id DESC limit 0,1
:::: 2019-11-20 15:47:04 :::: Array
(
    [mkd] => u08ugna1p7rkle17o8sffbfde4
)

:::: 2019-11-20 15:47:04 :::: SELECT * from code_vendor_regs 
				where 
					session_id like 'u08ugna1p7rkle17o8sffbfde4' 
					and status != 'canceled'
					order by gvo_id DESC limit 0,1
:::: 2019-11-20 15:47:18 :::: Array
(
    [mkd] => u08ugna1p7rkle17o8sffbfde4
)

:::: 2019-11-20 15:47:18 :::: SELECT * from code_vendor_regs 
				where 
					session_id like 'u08ugna1p7rkle17o8sffbfde4' 
					and status != 'canceled'
					order by gvo_id DESC limit 0,1
:::: 2019-11-20 15:48:12 :::: Array
(
    [mkd] => u08ugna1p7rkle17o8sffbfde4
)

:::: 2019-11-20 15:48:12 :::: SELECT * from code_vendor_regs 
				where 
					session_id like 'u08ugna1p7rkle17o8sffbfde4' 
					and status != 'canceled'
					order by gvo_id DESC limit 0,1
:::: 2019-11-20 15:49:22 :::: Array
(
    [mkd] => u08ugna1p7rkle17o8sffbfde4
)

:::: 2019-11-20 15:49:22 :::: SELECT * from code_vendor_regs 
				where 
					session_id like 'u08ugna1p7rkle17o8sffbfde4' 
					and status != 'canceled'
					order by gvo_id DESC limit 0,1
:::: 2019-11-20 17:49:50 :::: Array
(
    [mkd] => 971otnkqt85nmg3rhcij2kaos6
)

:::: 2019-11-20 17:49:50 :::: SELECT * from code_vendor_regs 
				where 
					session_id like '971otnkqt85nmg3rhcij2kaos6' 
					and status != 'canceled'
					order by gvo_id DESC limit 0,1
:::: 2019-11-20 17:51:17 :::: Array
(
    [mkd] => i943gq7jgnajvsm1eg757uajs1
)

:::: 2019-11-20 17:51:17 :::: SELECT * from code_vendor_regs 
				where 
					session_id like 'i943gq7jgnajvsm1eg757uajs1' 
					and status != 'canceled'
					order by gvo_id DESC limit 0,1
:::: 2019-11-20 17:52:09 :::: Array
(
    [mkd] => i943gq7jgnajvsm1eg757uajs1
)

:::: 2019-11-20 17:52:09 :::: SELECT * from code_vendor_regs 
				where 
					session_id like 'i943gq7jgnajvsm1eg757uajs1' 
					and status != 'canceled'
					order by gvo_id DESC limit 0,1
:::: 2019-11-20 17:52:53 :::: Array
(
    [system] => code_vendor_save
    [quote_id] => 689
    [store_id] => 1
    [created_at] => 2019-11-20 23:50:53
    [updated_at] => 2019-11-20 23:52:08
    [items_count] => 1
    [items_qty] => 2
    [grand_total] => 228
    [customer_id] => 
    [customer_email] => 
    [customer_firstname] => 
    [customer_lastname] => 
    [remote_ip] => 127.0.0.1
    [subtotal] => 228
    [customer_openpay_user_id] => 
    [code_vendor] => 762947
    [mkd] => i943gq7jgnajvsm1eg757uajs1
)

:::: 2019-11-20 17:52:53 :::: valid_data()
:::: 2019-11-20 17:52:53 :::: update_code_vendor()
:::: 2019-11-20 17:52:53 :::: exist_code_vendor()
:::: 2019-11-20 17:52:53 :::: exist_code_vendor() ==> Array
(
    [system] => code_vendor_save
    [quote_id] => 689
    [sales_order] => 
    [updated_at] => 2019-11-20 23:52:08
    [customer_id] => 0
    [customer_email] => 
    [code_vendor] => 762947
    [remote_ip] => 127.0.0.1
    [items_count] => 1
    [items_qty] => 2
    [subtotal] => 228
    [grand_total] => 228
    [customer_firstname] => 
    [customer_lastname] => 
    [customer_openpay] => 
    [mkd] => i943gq7jgnajvsm1eg757uajs1
)

:::: 2019-11-20 17:52:53 :::: SQL ==> SELECT * from code_vendor_regs where 
				session_id =  'i943gq7jgnajvsm1eg757uajs1' 
				and status <> 'canceled'
				order by gvo_id DESC limit 0,1
:::: 2019-11-20 17:52:53 :::: insert_code_vendor()
:::: 2019-11-20 17:52:53 :::: insert_code_vendor() ==> Array
(
    [system] => code_vendor_save
    [quote_id] => 689
    [sales_order] => 
    [updated_at] => 2019-11-20 23:52:08
    [customer_id] => 0
    [customer_email] => 
    [code_vendor] => 762947
    [remote_ip] => 127.0.0.1
    [items_count] => 1
    [items_qty] => 2
    [subtotal] => 228
    [grand_total] => 228
    [customer_firstname] => 
    [customer_lastname] => 
    [customer_openpay] => 
    [mkd] => i943gq7jgnajvsm1eg757uajs1
)

:::: 2019-11-20 17:52:53 :::: sql ==> INSERT INTO code_vendor_regs values(
				null,
				689,
				'',
				'2019-11-20 23:52:08',
				0,
				'',
				'762947',
				'127.0.0.1',
				1,
				2,
				228,
				228,
				'',
				'',
				'',
				'inicial',
				'i943gq7jgnajvsm1eg757uajs1'
			)
:::: 2019-11-20 17:52:53 :::: code_vendor_action()
:::: 2019-11-20 17:55:33 :::: Array
(
    [mkd] => 971otnkqt85nmg3rhcij2kaos6
)

:::: 2019-11-20 17:55:33 :::: SELECT * from code_vendor_regs 
				where 
					session_id like '971otnkqt85nmg3rhcij2kaos6' 
					and status != 'canceled'
					order by gvo_id DESC limit 0,1
:::: 2019-11-21 8:28:00 :::: Array
(
    [mkd] => 0penu9qdo48rslc3lf7apnn092
)

:::: 2019-11-21 8:28:00 :::: SELECT * from code_vendor_regs 
				where 
					session_id like '0penu9qdo48rslc3lf7apnn092' 
					and status != 'canceled'
					order by gvo_id DESC limit 0,1
:::: 2019-11-21 8:29:07 :::: Array
(
    [mkd] => 0penu9qdo48rslc3lf7apnn092
)

:::: 2019-11-21 8:29:07 :::: SELECT * from code_vendor_regs 
				where 
					session_id like '0penu9qdo48rslc3lf7apnn092' 
					and status != 'canceled'
					order by gvo_id DESC limit 0,1
:::: 2019-11-21 8:29:30 :::: Array
(
    [mkd] => 0penu9qdo48rslc3lf7apnn092
)

:::: 2019-11-21 8:29:30 :::: SELECT * from code_vendor_regs 
				where 
					session_id like '0penu9qdo48rslc3lf7apnn092' 
					and status != 'canceled'
					order by gvo_id DESC limit 0,1
:::: 2019-11-22 10:02:52 :::: Array
(
    [mkd] => rbqicv6ketpfm29vm3fb5dfdc1
)

:::: 2019-11-22 10:02:52 :::: SELECT * from code_vendor_regs 
				where 
					session_id like 'rbqicv6ketpfm29vm3fb5dfdc1' 
					and status != 'canceled'
					order by gvo_id DESC limit 0,1
:::: 2019-11-22 10:03:58 :::: Array
(
    [mkd] => rbqicv6ketpfm29vm3fb5dfdc1
)

:::: 2019-11-22 10:03:58 :::: SELECT * from code_vendor_regs 
				where 
					session_id like 'rbqicv6ketpfm29vm3fb5dfdc1' 
					and status != 'canceled'
					order by gvo_id DESC limit 0,1